#
# There is insufficient memory for the Java Runtime Environment to continue.
# Native memory allocation (mmap) failed to map 65536 bytes for Failed to commit metaspace.
# Possible reasons:
#   The system is out of physical RAM or swap space
#   The process is running with CompressedOops enabled, and the Java Heap may be blocking the growth of the native heap
# Possible solutions:
#   Reduce memory load on the system
#   Increase physical memory or swap space
#   Check if swap backing store is full
#   Decrease Java heap size (-Xmx/-Xms)
#   Decrease number of Java threads
#   Decrease Java thread stack sizes (-Xss)
#   Set larger code cache with -XX:ReservedCodeCacheSize=
#   JVM is running with Zero Based Compressed Oops mode in which the Java heap is
#     placed in the first 32GB address space. The Java Heap base address is the
#     maximum limit for the native heap growth. Please use -XX:HeapBaseMinAddress
#     to set the Java Heap base and to place the Java Heap above 32GB virtual address.
# This output file may be truncated or incomplete.
#
#  Out of Memory Error (virtualSpaceNode.cpp:110), pid=24516, tid=26620
#
# JRE version: Java(TM) SE Runtime Environment (17.0.8+9) (build 17.0.8+9-LTS-211)
# Java VM: Java HotSpot(TM) 64-Bit Server VM (17.0.8+9-LTS-211, mixed mode, sharing, tiered, compressed oops, compressed class ptrs, g1 gc, windows-amd64)
# No core dump will be written. Minidumps are not enabled by default on client versions of Windows
#

---------------  S U M M A R Y ------------

Command Line: fon.bg.ac.rs.salonzavencanice.Aplikacija

Host: AMD Ryzen 7 6800H with Radeon Graphics         , 16 cores, 15G,  Windows 11 , 64 bit Build 26100 (10.0.26100.2454)
Time: Mon Mar 16 19:33:25 2026 Central Europe Standard Time elapsed time: 0.560993 seconds (0d 0h 0m 0s)

---------------  T H R E A D  ---------------

Current thread (0x000001b66d295090):  JavaThread "main" [_thread_in_vm, id=26620, stack(0x00000017b2300000,0x00000017b2400000)]

Stack: [0x00000017b2300000,0x00000017b2400000]
Native frames: (J=compiled Java code, j=interpreted, Vv=VM code, C=native code)
V  [jvm.dll+0x677d0a]
V  [jvm.dll+0x7d8c54]
V  [jvm.dll+0x7da3fe]
V  [jvm.dll+0x7daa63]
V  [jvm.dll+0x245c5f]
V  [jvm.dll+0x7d4d5b]
V  [jvm.dll+0x61dcf6]
V  [jvm.dll+0x1c0127]
V  [jvm.dll+0x620650]
V  [jvm.dll+0x61e6b6]
V  [jvm.dll+0x628487]
V  [jvm.dll+0x1e9bdd]
V  [jvm.dll+0x1ea1a5]
V  [jvm.dll+0x1eaaeb]
V  [jvm.dll+0x1e02f1]
V  [jvm.dll+0x53ddbc]
V  [jvm.dll+0x753768]
V  [jvm.dll+0x753854]
V  [jvm.dll+0x40ba4f]
V  [jvm.dll+0x411a69]
C  [java.dll+0x17ec]

Java frames: (J=compiled Java code, j=interpreted, Vv=VM code)
J 818  java.lang.ClassLoader.defineClass1(Ljava/lang/ClassLoader;Ljava/lang/String;[BIILjava/security/ProtectionDomain;Ljava/lang/String;)Ljava/lang/Class; java.base@17.0.8 (0 bytes) @ 0x000001b607be4c63 [0x000001b607be4ba0+0x00000000000000c3]
j  java.lang.System$2.defineClass(Ljava/lang/ClassLoader;Ljava/lang/String;[BLjava/security/ProtectionDomain;Ljava/lang/String;)Ljava/lang/Class;+10 java.base@17.0.8
j  java.lang.reflect.Proxy$ProxyBuilder.defineProxyClass(Ljava/lang/Module;Ljava/util/List;)Ljava/lang/Class;+398 java.base@17.0.8
j  java.lang.reflect.Proxy$ProxyBuilder.build()Ljava/lang/reflect/Constructor;+8 java.base@17.0.8
j  java.lang.reflect.Proxy.lambda$getProxyConstructor$1(Ljava/lang/ClassLoader;Ljdk/internal/loader/AbstractClassLoaderValue$Sub;)Ljava/lang/reflect/Constructor;+15 java.base@17.0.8
j  java.lang.reflect.Proxy$$Lambda$154+0x000001b6120e25c0.apply(Ljava/lang/Object;Ljava/lang/Object;)Ljava/lang/Object;+8 java.base@17.0.8
j  jdk.internal.loader.AbstractClassLoaderValue$Memoizer.get()Ljava/lang/Object;+75 java.base@17.0.8
j  jdk.internal.loader.AbstractClassLoaderValue.computeIfAbsent(Ljava/lang/ClassLoader;Ljava/util/function/BiFunction;)Ljava/lang/Object;+63 java.base@17.0.8
j  java.lang.reflect.Proxy.getProxyConstructor(Ljava/lang/Class;Ljava/lang/ClassLoader;[Ljava/lang/Class;)Ljava/lang/reflect/Constructor;+85 java.base@17.0.8
j  java.lang.reflect.Proxy.newProxyInstance(Ljava/lang/ClassLoader;[Ljava/lang/Class;Ljava/lang/reflect/InvocationHandler;)Ljava/lang/Object;+22 java.base@17.0.8
j  org.springframework.core.SerializableTypeWrapper.forTypeProvider(Lorg/springframework/core/SerializableTypeWrapper$TypeProvider;)Ljava/lang/reflect/Type;+134
J 1048 c1 org.springframework.core.ResolvableType.forType(Ljava/lang/reflect/Type;Lorg/springframework/core/SerializableTypeWrapper$TypeProvider;Lorg/springframework/core/ResolvableType$VariableResolver;)Lorg/springframework/core/ResolvableType; (112 bytes) @ 0x000001b6001e9b4c [0x000001b6001e9a60+0x00000000000000ec]
j  org.springframework.core.ResolvableType.forMethodParameter(Lorg/springframework/core/MethodParameter;Lorg/springframework/core/ResolvableType;)Lorg/springframework/core/ResolvableType;+45
j  org.springframework.boot.context.properties.bind.ValueObjectBinder$DefaultValueObject.parseConstructorParameters(Ljava/lang/reflect/Constructor;Lorg/springframework/core/ResolvableType;[Ljava/lang/String;)Ljava/util/List;+72
j  org.springframework.boot.context.properties.bind.ValueObjectBinder$DefaultValueObject.get(Ljava/lang/reflect/Constructor;Lorg/springframework/core/ResolvableType;Lorg/springframework/core/ParameterNameDiscoverer;)Lorg/springframework/boot/context/properties/bind/ValueObjectBinder$ValueObject;+17
j  org.springframework.boot.context.properties.bind.ValueObjectBinder$ValueObject.get(Lorg/springframework/boot/context/properties/bind/Bindable;Lorg/springframework/boot/context/properties/bind/BindConstructorProvider;Lorg/springframework/boot/context/properties/bind/Binder$Context;Lorg/springframework/core/ParameterNameDiscoverer;)Lorg/springframework/boot/context/properties/bind/ValueObjectBinder$ValueObject;+81
j  org.springframework.boot.context.properties.bind.ValueObjectBinder.bind(Lorg/springframework/boot/context/properties/source/ConfigurationPropertyName;Lorg/springframework/boot/context/properties/bind/Bindable;Lorg/springframework/boot/context/properties/bind/Binder$Context;Lorg/springframework/boot/context/properties/bind/DataObjectPropertyBinder;)Ljava/lang/Object;+9
j  org.springframework.boot.context.properties.bind.Binder.lambda$bindDataObject$6(Lorg/springframework/boot/context/properties/source/ConfigurationPropertyName;Lorg/springframework/boot/context/properties/bind/Bindable;Lorg/springframework/boot/context/properties/bind/Binder$Context;Lorg/springframework/boot/context/properties/bind/DataObjectPropertyBinder;Lorg/springframework/boot/context/properties/bind/DataObjectBinder;)Ljava/lang/Object;+6
j  org.springframework.boot.context.properties.bind.Binder$$Lambda$100+0x000001b6120b9db8.apply(Ljava/lang/Object;)Ljava/lang/Object;+20
j  java.util.stream.ReferencePipeline$3$1.accept(Ljava/lang/Object;)V+12 java.base@17.0.8
j  java.util.AbstractList$RandomAccessSpliterator.tryAdvance(Ljava/util/function/Consumer;)Z+43 java.base@17.0.8
j  java.util.stream.ReferencePipeline.forEachWithCancel(Ljava/util/Spliterator;Ljava/util/stream/Sink;)Z+13 java.base@17.0.8
j  java.util.stream.AbstractPipeline.copyIntoWithCancel(Ljava/util/stream/Sink;Ljava/util/Spliterator;)Z+32 java.base@17.0.8
j  java.util.stream.AbstractPipeline.copyInto(Ljava/util/stream/Sink;Ljava/util/Spliterator;)V+49 java.base@17.0.8
j  java.util.stream.AbstractPipeline.wrapAndCopyInto(Ljava/util/stream/Sink;Ljava/util/Spliterator;)Ljava/util/stream/Sink;+13 java.base@17.0.8
j  java.util.stream.FindOps$FindOp.evaluateSequential(Ljava/util/stream/PipelineHelper;Ljava/util/Spliterator;)Ljava/lang/Object;+14 java.base@17.0.8
j  java.util.stream.AbstractPipeline.evaluate(Ljava/util/stream/TerminalOp;)Ljava/lang/Object;+88 java.base@17.0.8
j  java.util.stream.ReferencePipeline.findFirst()Ljava/util/Optional;+5 java.base@17.0.8
j  org.springframework.boot.context.properties.bind.Binder.fromDataObjectBinders(Lorg/springframework/boot/context/properties/bind/BindMethod;Ljava/util/function/Function;)Ljava/lang/Object;+34
j  org.springframework.boot.context.properties.bind.Binder.lambda$bindDataObject$7(Lorg/springframework/boot/context/properties/bind/BindMethod;Lorg/springframework/boot/context/properties/source/ConfigurationPropertyName;Lorg/springframework/boot/context/properties/bind/Bindable;Lorg/springframework/boot/context/properties/bind/Binder$Context;Lorg/springframework/boot/context/properties/bind/DataObjectPropertyBinder;)Ljava/lang/Object;+13
j  org.springframework.boot.context.properties.bind.Binder$$Lambda$99+0x000001b6120b9b98.get()Ljava/lang/Object;+24
j  org.springframework.boot.context.properties.bind.Binder$Context.withIncreasedDepth(Ljava/util/function/Supplier;)Ljava/lang/Object;+5
j  org.springframework.boot.context.properties.bind.Binder$Context.withDataObject(Ljava/lang/Class;Ljava/util/function/Supplier;)Ljava/lang/Object;+12
j  org.springframework.boot.context.properties.bind.Binder.bindDataObject(Lorg/springframework/boot/context/properties/source/ConfigurationPropertyName;Lorg/springframework/boot/context/properties/bind/Bindable;Lorg/springframework/boot/context/properties/bind/BindHandler;Lorg/springframework/boot/context/properties/bind/Binder$Context;Z)Ljava/lang/Object;+77
j  org.springframework.boot.context.properties.bind.Binder.bindObject(Lorg/springframework/boot/context/properties/source/ConfigurationPropertyName;Lorg/springframework/boot/context/properties/bind/Bindable;Lorg/springframework/boot/context/properties/bind/BindHandler;Lorg/springframework/boot/context/properties/bind/Binder$Context;Z)Ljava/lang/Object;+113
j  org.springframework.boot.context.properties.bind.Binder.bind(Lorg/springframework/boot/context/properties/source/ConfigurationPropertyName;Lorg/springframework/boot/context/properties/bind/Bindable;Lorg/springframework/boot/context/properties/bind/BindHandler;Lorg/springframework/boot/context/properties/bind/Binder$Context;ZZ)Ljava/lang/Object;+41
j  org.springframework.boot.context.properties.bind.Binder.bind(Lorg/springframework/boot/context/properties/source/ConfigurationPropertyName;Lorg/springframework/boot/context/properties/bind/Bindable;Lorg/springframework/boot/context/properties/bind/BindHandler;Z)Ljava/lang/Object;+44
j  org.springframework.boot.context.properties.bind.Binder.bind(Lorg/springframework/boot/context/properties/source/ConfigurationPropertyName;Lorg/springframework/boot/context/properties/bind/Bindable;Lorg/springframework/boot/context/properties/bind/BindHandler;)Lorg/springframework/boot/context/properties/bind/BindResult;+5
j  org.springframework.boot.context.config.ConfigDataProperties.get(Lorg/springframework/boot/context/properties/bind/Binder;)Lorg/springframework/boot/context/config/ConfigDataProperties;+14
j  org.springframework.boot.context.config.ConfigDataEnvironmentContributor.withBoundProperties(Ljava/lang/Iterable;Lorg/springframework/boot/context/config/ConfigDataActivationContext;)Lorg/springframework/boot/context/config/ConfigDataEnvironmentContributor;+38
j  org.springframework.boot.context.config.ConfigDataEnvironmentContributors.withProcessedImports(Lorg/springframework/boot/context/config/ConfigDataImporter;Lorg/springframework/boot/context/config/ConfigDataActivationContext;)Lorg/springframework/boot/context/config/ConfigDataEnvironmentContributors;+89
j  org.springframework.boot.context.config.ConfigDataEnvironment.processInitial(Lorg/springframework/boot/context/config/ConfigDataEnvironmentContributors;Lorg/springframework/boot/context/config/ConfigDataImporter;)Lorg/springframework/boot/context/config/ConfigDataEnvironmentContributors;+15
j  org.springframework.boot.context.config.ConfigDataEnvironment.processAndApply()V+42
j  org.springframework.boot.context.config.ConfigDataEnvironmentPostProcessor.postProcessEnvironment(Lorg/springframework/core/env/ConfigurableEnvironment;Lorg/springframework/core/io/ResourceLoader;Ljava/util/Collection;)V+34
j  org.springframework.boot.context.config.ConfigDataEnvironmentPostProcessor.postProcessEnvironment(Lorg/springframework/core/env/ConfigurableEnvironment;Lorg/springframework/boot/SpringApplication;)V+10
j  org.springframework.boot.env.EnvironmentPostProcessorApplicationListener.onApplicationEnvironmentPreparedEvent(Lorg/springframework/boot/context/event/ApplicationEnvironmentPreparedEvent;)V+55
j  org.springframework.boot.env.EnvironmentPostProcessorApplicationListener.onApplicationEvent(Lorg/springframework/context/ApplicationEvent;)V+14
j  org.springframework.context.event.SimpleApplicationEventMulticaster.doInvokeListener(Lorg/springframework/context/ApplicationListener;Lorg/springframework/context/ApplicationEvent;)V+2
j  org.springframework.context.event.SimpleApplicationEventMulticaster.invokeListener(Lorg/springframework/context/ApplicationListener;Lorg/springframework/context/ApplicationEvent;)V+34
j  org.springframework.context.event.SimpleApplicationEventMulticaster.multicastEvent(Lorg/springframework/context/ApplicationEvent;Lorg/springframework/core/ResolvableType;)V+104
j  org.springframework.context.event.SimpleApplicationEventMulticaster.multicastEvent(Lorg/springframework/context/ApplicationEvent;)V+3
j  org.springframework.boot.context.event.EventPublishingRunListener.multicastInitialEvent(Lorg/springframework/context/ApplicationEvent;)V+9
j  org.springframework.boot.context.event.EventPublishingRunListener.environmentPrepared(Lorg/springframework/boot/ConfigurableBootstrapContext;Lorg/springframework/core/env/ConfigurableEnvironment;)V+18
j  org.springframework.boot.SpringApplicationRunListeners.lambda$environmentPrepared$2(Lorg/springframework/boot/ConfigurableBootstrapContext;Lorg/springframework/core/env/ConfigurableEnvironment;Lorg/springframework/boot/SpringApplicationRunListener;)V+3
j  org.springframework.boot.SpringApplicationRunListeners$$Lambda$81+0x000001b6120a88d0.accept(Ljava/lang/Object;)V+12
j  java.lang.Iterable.forEach(Ljava/util/function/Consumer;)V+30 java.base@17.0.8
j  org.springframework.boot.SpringApplicationRunListeners.doWithListeners(Ljava/lang/String;Ljava/util/function/Consumer;Ljava/util/function/Consumer;)V+17
j  org.springframework.boot.SpringApplicationRunListeners.doWithListeners(Ljava/lang/String;Ljava/util/function/Consumer;)V+4
j  org.springframework.boot.SpringApplicationRunListeners.environmentPrepared(Lorg/springframework/boot/ConfigurableBootstrapContext;Lorg/springframework/core/env/ConfigurableEnvironment;)V+10
j  org.springframework.boot.SpringApplication.prepareEnvironment(Lorg/springframework/boot/SpringApplicationRunListeners;Lorg/springframework/boot/DefaultBootstrapContext;Lorg/springframework/boot/ApplicationArguments;)Lorg/springframework/core/env/ConfigurableEnvironment;+27
j  org.springframework.boot.SpringApplication.run([Ljava/lang/String;)Lorg/springframework/context/ConfigurableApplicationContext;+62
j  org.springframework.boot.SpringApplication.run([Ljava/lang/Class;[Ljava/lang/String;)Lorg/springframework/context/ConfigurableApplicationContext;+9
j  org.springframework.boot.SpringApplication.run(Ljava/lang/Class;[Ljava/lang/String;)Lorg/springframework/context/ConfigurableApplicationContext;+9
j  fon.bg.ac.rs.salonzavencanice.Aplikacija.main([Ljava/lang/String;)V+3
v  ~StubRoutines::call_stub

---------------  P R O C E S S  ---------------

Threads class SMR info:
_java_thread_list=0x000001b656506850, length=17, elements={
0x000001b66d295090, 0x000001b67e827700, 0x000001b67e8280b0, 0x000001b67e83e4f0,
0x000001b67e83eea0, 0x000001b67e83f850, 0x000001b67e842210, 0x000001b67e863e20,
0x000001b67f4a3f50, 0x000001b67f4a9480, 0x000001b67f5cbe40, 0x000001b67f5f9ae0,
0x000001b67f606fa0, 0x000001b67f61d160, 0x000001b67f67f670, 0x000001b67f81de80,
0x000001b656ac3890
}

Java Threads: ( => current thread )
=>0x000001b66d295090 JavaThread "main" [_thread_in_vm, id=26620, stack(0x00000017b2300000,0x00000017b2400000)]
  0x000001b67e827700 JavaThread "Reference Handler" daemon [_thread_blocked, id=24280, stack(0x00000017b2a00000,0x00000017b2b00000)]
  0x000001b67e8280b0 JavaThread "Finalizer" daemon [_thread_blocked, id=24132, stack(0x00000017b2b00000,0x00000017b2c00000)]
  0x000001b67e83e4f0 JavaThread "Signal Dispatcher" daemon [_thread_blocked, id=25972, stack(0x00000017b2c00000,0x00000017b2d00000)]
  0x000001b67e83eea0 JavaThread "Attach Listener" daemon [_thread_blocked, id=25144, stack(0x00000017b2d00000,0x00000017b2e00000)]
  0x000001b67e83f850 JavaThread "Service Thread" daemon [_thread_blocked, id=23916, stack(0x00000017b2e00000,0x00000017b2f00000)]
  0x000001b67e842210 JavaThread "Monitor Deflation Thread" daemon [_thread_blocked, id=25952, stack(0x00000017b2f00000,0x00000017b3000000)]
  0x000001b67e863e20 JavaThread "C2 CompilerThread0" daemon [_thread_blocked, id=25068, stack(0x00000017b3000000,0x00000017b3100000)]
  0x000001b67f4a3f50 JavaThread "C1 CompilerThread0" daemon [_thread_blocked, id=22944, stack(0x00000017b3100000,0x00000017b3200000)]
  0x000001b67f4a9480 JavaThread "Sweeper thread" daemon [_thread_blocked, id=23048, stack(0x00000017b3200000,0x00000017b3300000)]
  0x000001b67f5cbe40 JavaThread "C1 CompilerThread1" daemon [_thread_blocked, id=12844, stack(0x00000017b3300000,0x00000017b3400000)]
  0x000001b67f5f9ae0 JavaThread "C1 CompilerThread2" daemon [_thread_blocked, id=5648, stack(0x00000017b3400000,0x00000017b3500000)]
  0x000001b67f606fa0 JavaThread "Notification Thread" daemon [_thread_blocked, id=22844, stack(0x00000017b3500000,0x00000017b3600000)]
  0x000001b67f61d160 JavaThread "Common-Cleaner" daemon [_thread_blocked, id=13532, stack(0x00000017b3700000,0x00000017b3800000)]
  0x000001b67f67f670 JavaThread "C2 CompilerThread1" daemon [_thread_blocked, id=26404, stack(0x00000017b3800000,0x00000017b3900000)]
  0x000001b67f81de80 JavaThread "C2 CompilerThread2" daemon [_thread_blocked, id=26020, stack(0x00000017b3900000,0x00000017b3a00000)]
  0x000001b656ac3890 JavaThread "C1 CompilerThread3" daemon [_thread_blocked, id=23872, stack(0x00000017b3a00000,0x00000017b3b00000)]

Other Threads:
  0x000001b67e823d70 VMThread "VM Thread" [stack: 0x00000017b2900000,0x00000017b2a00000] [id=25496]
  0x000001b67f611780 WatcherThread [stack: 0x00000017b3600000,0x00000017b3700000] [id=23012]
  0x000001b66d2ff0c0 GCTaskThread "GC Thread#0" [stack: 0x00000017b2400000,0x00000017b2500000] [id=6380]
  0x000001b656f35b10 GCTaskThread "GC Thread#1" [stack: 0x00000017b3b00000,0x00000017b3c00000] [id=15980]
  0x000001b656cc0150 GCTaskThread "GC Thread#2" [stack: 0x00000017b3c00000,0x00000017b3d00000] [id=26264]
  0x000001b656c6b2d0 GCTaskThread "GC Thread#3" [stack: 0x00000017b3d00000,0x00000017b3e00000] [id=20488]
  0x000001b656c6b990 GCTaskThread "GC Thread#4" [stack: 0x00000017b3e00000,0x00000017b3f00000] [id=10296]
  0x000001b66d30f480 ConcurrentGCThread "G1 Main Marker" [stack: 0x00000017b2500000,0x00000017b2600000] [id=15636]
  0x000001b66d311b70 ConcurrentGCThread "G1 Conc#0" [stack: 0x00000017b2600000,0x00000017b2700000] [id=26080]
  0x000001b67e759050 ConcurrentGCThread "G1 Refine#0" [stack: 0x00000017b2700000,0x00000017b2800000] [id=21996]
  0x000001b67e75b820 ConcurrentGCThread "G1 Service" [stack: 0x00000017b2800000,0x00000017b2900000] [id=24196]

Threads with active compile tasks:

VM state: not at safepoint (normal execution)

VM Mutex/Monitor currently owned by a thread:  ([mutex/lock_event])
[0x000001b66d288d20] Metaspace_lock - owner thread: 0x000001b66d295090

Heap address: 0x000000070c200000, size: 3902 MB, Compressed Oops mode: Zero based, Oop shift amount: 3

CDS archive(s) mapped at: [0x000001b611000000-0x000001b611bd0000-0x000001b611bd0000), size 12386304, SharedBaseAddress: 0x000001b611000000, ArchiveRelocationMode: 1.
Compressed class space mapped at: 0x000001b612000000-0x000001b652000000, reserved size: 1073741824
Narrow klass base: 0x000001b611000000, Narrow klass shift: 0, Narrow klass range: 0x100000000

GC Precious Log:
 CPUs: 16 total, 16 available
 Memory: 15603M
 Large Page Support: Disabled
 NUMA Support: Disabled
 Compressed Oops: Enabled (Zero based)
 Heap Region Size: 2M
 Heap Min Capacity: 8M
 Heap Initial Capacity: 244M
 Heap Max Capacity: 3902M
 Pre-touch: Disabled
 Parallel Workers: 13
 Concurrent Workers: 3
 Concurrent Refinement Workers: 13
 Periodic GC: Disabled

Heap:
 garbage-first heap   total 249856K, used 10831K [0x000000070c200000, 0x0000000800000000)
  region size 2048K, 5 young (10240K), 2 survivors (4096K)
 Metaspace       used 6665K, committed 6912K, reserved 1114112K
  class space    used 817K, committed 960K, reserved 1048576K

Heap Regions: E=young(eden), S=young(survivor), O=old, HS=humongous(starts), HC=humongous(continues), CS=collection set, F=free, OA=open archive, CA=closed archive, TAMS=top-at-mark-start (previous, next)
|   0|0x000000070c200000, 0x000000070c400000, 0x000000070c400000|100%| O|  |TAMS 0x000000070c200000, 0x000000070c200000| Untracked 
|   1|0x000000070c400000, 0x000000070c493e00, 0x000000070c600000| 28%| O|  |TAMS 0x000000070c400000, 0x000000070c400000| Untracked 
|   2|0x000000070c600000, 0x000000070c600000, 0x000000070c800000|  0%| F|  |TAMS 0x000000070c600000, 0x000000070c600000| Untracked 
|   3|0x000000070c800000, 0x000000070c800000, 0x000000070ca00000|  0%| F|  |TAMS 0x000000070c800000, 0x000000070c800000| Untracked 
|   4|0x000000070ca00000, 0x000000070ca00000, 0x000000070cc00000|  0%| F|  |TAMS 0x000000070ca00000, 0x000000070ca00000| Untracked 
|   5|0x000000070cc00000, 0x000000070cc00000, 0x000000070ce00000|  0%| F|  |TAMS 0x000000070cc00000, 0x000000070cc00000| Untracked 
|   6|0x000000070ce00000, 0x000000070ce00000, 0x000000070d000000|  0%| F|  |TAMS 0x000000070ce00000, 0x000000070ce00000| Untracked 
|   7|0x000000070d000000, 0x000000070d000000, 0x000000070d200000|  0%| F|  |TAMS 0x000000070d000000, 0x000000070d000000| Untracked 
|   8|0x000000070d200000, 0x000000070d200000, 0x000000070d400000|  0%| F|  |TAMS 0x000000070d200000, 0x000000070d200000| Untracked 
|   9|0x000000070d400000, 0x000000070d400000, 0x000000070d600000|  0%| F|  |TAMS 0x000000070d400000, 0x000000070d400000| Untracked 
|  10|0x000000070d600000, 0x000000070d600000, 0x000000070d800000|  0%| F|  |TAMS 0x000000070d600000, 0x000000070d600000| Untracked 
|  11|0x000000070d800000, 0x000000070d800000, 0x000000070da00000|  0%| F|  |TAMS 0x000000070d800000, 0x000000070d800000| Untracked 
|  12|0x000000070da00000, 0x000000070da00000, 0x000000070dc00000|  0%| F|  |TAMS 0x000000070da00000, 0x000000070da00000| Untracked 
|  13|0x000000070dc00000, 0x000000070dc00000, 0x000000070de00000|  0%| F|  |TAMS 0x000000070dc00000, 0x000000070dc00000| Untracked 
|  14|0x000000070de00000, 0x000000070de00000, 0x000000070e000000|  0%| F|  |TAMS 0x000000070de00000, 0x000000070de00000| Untracked 
|  15|0x000000070e000000, 0x000000070e000000, 0x000000070e200000|  0%| F|  |TAMS 0x000000070e000000, 0x000000070e000000| Untracked 
|  16|0x000000070e200000, 0x000000070e200000, 0x000000070e400000|  0%| F|  |TAMS 0x000000070e200000, 0x000000070e200000| Untracked 
|  17|0x000000070e400000, 0x000000070e400000, 0x000000070e600000|  0%| F|  |TAMS 0x000000070e400000, 0x000000070e400000| Untracked 
|  18|0x000000070e600000, 0x000000070e600000, 0x000000070e800000|  0%| F|  |TAMS 0x000000070e600000, 0x000000070e600000| Untracked 
|  19|0x000000070e800000, 0x000000070e800000, 0x000000070ea00000|  0%| F|  |TAMS 0x000000070e800000, 0x000000070e800000| Untracked 
|  20|0x000000070ea00000, 0x000000070ea00000, 0x000000070ec00000|  0%| F|  |TAMS 0x000000070ea00000, 0x000000070ea00000| Untracked 
|  21|0x000000070ec00000, 0x000000070ec00000, 0x000000070ee00000|  0%| F|  |TAMS 0x000000070ec00000, 0x000000070ec00000| Untracked 
|  22|0x000000070ee00000, 0x000000070ee00000, 0x000000070f000000|  0%| F|  |TAMS 0x000000070ee00000, 0x000000070ee00000| Untracked 
|  23|0x000000070f000000, 0x000000070f000000, 0x000000070f200000|  0%| F|  |TAMS 0x000000070f000000, 0x000000070f000000| Untracked 
|  24|0x000000070f200000, 0x000000070f200000, 0x000000070f400000|  0%| F|  |TAMS 0x000000070f200000, 0x000000070f200000| Untracked 
|  25|0x000000070f400000, 0x000000070f400000, 0x000000070f600000|  0%| F|  |TAMS 0x000000070f400000, 0x000000070f400000| Untracked 
|  26|0x000000070f600000, 0x000000070f600000, 0x000000070f800000|  0%| F|  |TAMS 0x000000070f600000, 0x000000070f600000| Untracked 
|  27|0x000000070f800000, 0x000000070f800000, 0x000000070fa00000|  0%| F|  |TAMS 0x000000070f800000, 0x000000070f800000| Untracked 
|  28|0x000000070fa00000, 0x000000070fa00000, 0x000000070fc00000|  0%| F|  |TAMS 0x000000070fa00000, 0x000000070fa00000| Untracked 
|  29|0x000000070fc00000, 0x000000070fc00000, 0x000000070fe00000|  0%| F|  |TAMS 0x000000070fc00000, 0x000000070fc00000| Untracked 
|  30|0x000000070fe00000, 0x000000070fe00000, 0x0000000710000000|  0%| F|  |TAMS 0x000000070fe00000, 0x000000070fe00000| Untracked 
|  31|0x0000000710000000, 0x0000000710000000, 0x0000000710200000|  0%| F|  |TAMS 0x0000000710000000, 0x0000000710000000| Untracked 
|  32|0x0000000710200000, 0x0000000710200000, 0x0000000710400000|  0%| F|  |TAMS 0x0000000710200000, 0x0000000710200000| Untracked 
|  33|0x0000000710400000, 0x0000000710400000, 0x0000000710600000|  0%| F|  |TAMS 0x0000000710400000, 0x0000000710400000| Untracked 
|  34|0x0000000710600000, 0x0000000710600000, 0x0000000710800000|  0%| F|  |TAMS 0x0000000710600000, 0x0000000710600000| Untracked 
|  35|0x0000000710800000, 0x0000000710800000, 0x0000000710a00000|  0%| F|  |TAMS 0x0000000710800000, 0x0000000710800000| Untracked 
|  36|0x0000000710a00000, 0x0000000710a00000, 0x0000000710c00000|  0%| F|  |TAMS 0x0000000710a00000, 0x0000000710a00000| Untracked 
|  37|0x0000000710c00000, 0x0000000710c00000, 0x0000000710e00000|  0%| F|  |TAMS 0x0000000710c00000, 0x0000000710c00000| Untracked 
|  38|0x0000000710e00000, 0x0000000710e00000, 0x0000000711000000|  0%| F|  |TAMS 0x0000000710e00000, 0x0000000710e00000| Untracked 
|  39|0x0000000711000000, 0x0000000711000000, 0x0000000711200000|  0%| F|  |TAMS 0x0000000711000000, 0x0000000711000000| Untracked 
|  40|0x0000000711200000, 0x0000000711200000, 0x0000000711400000|  0%| F|  |TAMS 0x0000000711200000, 0x0000000711200000| Untracked 
|  41|0x0000000711400000, 0x0000000711400000, 0x0000000711600000|  0%| F|  |TAMS 0x0000000711400000, 0x0000000711400000| Untracked 
|  42|0x0000000711600000, 0x0000000711600000, 0x0000000711800000|  0%| F|  |TAMS 0x0000000711600000, 0x0000000711600000| Untracked 
|  43|0x0000000711800000, 0x0000000711800000, 0x0000000711a00000|  0%| F|  |TAMS 0x0000000711800000, 0x0000000711800000| Untracked 
|  44|0x0000000711a00000, 0x0000000711a00000, 0x0000000711c00000|  0%| F|  |TAMS 0x0000000711a00000, 0x0000000711a00000| Untracked 
|  45|0x0000000711c00000, 0x0000000711c00000, 0x0000000711e00000|  0%| F|  |TAMS 0x0000000711c00000, 0x0000000711c00000| Untracked 
|  46|0x0000000711e00000, 0x0000000711e00000, 0x0000000712000000|  0%| F|  |TAMS 0x0000000711e00000, 0x0000000711e00000| Untracked 
|  47|0x0000000712000000, 0x0000000712000000, 0x0000000712200000|  0%| F|  |TAMS 0x0000000712000000, 0x0000000712000000| Untracked 
|  48|0x0000000712200000, 0x0000000712200000, 0x0000000712400000|  0%| F|  |TAMS 0x0000000712200000, 0x0000000712200000| Untracked 
|  49|0x0000000712400000, 0x0000000712400000, 0x0000000712600000|  0%| F|  |TAMS 0x0000000712400000, 0x0000000712400000| Untracked 
|  50|0x0000000712600000, 0x0000000712600000, 0x0000000712800000|  0%| F|  |TAMS 0x0000000712600000, 0x0000000712600000| Untracked 
|  51|0x0000000712800000, 0x0000000712800000, 0x0000000712a00000|  0%| F|  |TAMS 0x0000000712800000, 0x0000000712800000| Untracked 
|  52|0x0000000712a00000, 0x0000000712a00000, 0x0000000712c00000|  0%| F|  |TAMS 0x0000000712a00000, 0x0000000712a00000| Untracked 
|  53|0x0000000712c00000, 0x0000000712c00000, 0x0000000712e00000|  0%| F|  |TAMS 0x0000000712c00000, 0x0000000712c00000| Untracked 
|  54|0x0000000712e00000, 0x0000000712e00000, 0x0000000713000000|  0%| F|  |TAMS 0x0000000712e00000, 0x0000000712e00000| Untracked 
|  55|0x0000000713000000, 0x0000000713000000, 0x0000000713200000|  0%| F|  |TAMS 0x0000000713000000, 0x0000000713000000| Untracked 
|  56|0x0000000713200000, 0x0000000713200000, 0x0000000713400000|  0%| F|  |TAMS 0x0000000713200000, 0x0000000713200000| Untracked 
|  57|0x0000000713400000, 0x0000000713400000, 0x0000000713600000|  0%| F|  |TAMS 0x0000000713400000, 0x0000000713400000| Untracked 
|  58|0x0000000713600000, 0x0000000713600000, 0x0000000713800000|  0%| F|  |TAMS 0x0000000713600000, 0x0000000713600000| Untracked 
|  59|0x0000000713800000, 0x0000000713800000, 0x0000000713a00000|  0%| F|  |TAMS 0x0000000713800000, 0x0000000713800000| Untracked 
|  60|0x0000000713a00000, 0x0000000713a00000, 0x0000000713c00000|  0%| F|  |TAMS 0x0000000713a00000, 0x0000000713a00000| Untracked 
|  61|0x0000000713c00000, 0x0000000713c00000, 0x0000000713e00000|  0%| F|  |TAMS 0x0000000713c00000, 0x0000000713c00000| Untracked 
|  62|0x0000000713e00000, 0x0000000713e00000, 0x0000000714000000|  0%| F|  |TAMS 0x0000000713e00000, 0x0000000713e00000| Untracked 
|  63|0x0000000714000000, 0x0000000714000000, 0x0000000714200000|  0%| F|  |TAMS 0x0000000714000000, 0x0000000714000000| Untracked 
|  64|0x0000000714200000, 0x0000000714200000, 0x0000000714400000|  0%| F|  |TAMS 0x0000000714200000, 0x0000000714200000| Untracked 
|  65|0x0000000714400000, 0x0000000714400000, 0x0000000714600000|  0%| F|  |TAMS 0x0000000714400000, 0x0000000714400000| Untracked 
|  66|0x0000000714600000, 0x0000000714600000, 0x0000000714800000|  0%| F|  |TAMS 0x0000000714600000, 0x0000000714600000| Untracked 
|  67|0x0000000714800000, 0x0000000714800000, 0x0000000714a00000|  0%| F|  |TAMS 0x0000000714800000, 0x0000000714800000| Untracked 
|  68|0x0000000714a00000, 0x0000000714a00000, 0x0000000714c00000|  0%| F|  |TAMS 0x0000000714a00000, 0x0000000714a00000| Untracked 
|  69|0x0000000714c00000, 0x0000000714c00000, 0x0000000714e00000|  0%| F|  |TAMS 0x0000000714c00000, 0x0000000714c00000| Untracked 
|  70|0x0000000714e00000, 0x0000000714e00000, 0x0000000715000000|  0%| F|  |TAMS 0x0000000714e00000, 0x0000000714e00000| Untracked 
|  71|0x0000000715000000, 0x0000000715000000, 0x0000000715200000|  0%| F|  |TAMS 0x0000000715000000, 0x0000000715000000| Untracked 
|  72|0x0000000715200000, 0x0000000715200000, 0x0000000715400000|  0%| F|  |TAMS 0x0000000715200000, 0x0000000715200000| Untracked 
|  73|0x0000000715400000, 0x0000000715400000, 0x0000000715600000|  0%| F|  |TAMS 0x0000000715400000, 0x0000000715400000| Untracked 
|  74|0x0000000715600000, 0x0000000715600000, 0x0000000715800000|  0%| F|  |TAMS 0x0000000715600000, 0x0000000715600000| Untracked 
|  75|0x0000000715800000, 0x0000000715800000, 0x0000000715a00000|  0%| F|  |TAMS 0x0000000715800000, 0x0000000715800000| Untracked 
|  76|0x0000000715a00000, 0x0000000715a00000, 0x0000000715c00000|  0%| F|  |TAMS 0x0000000715a00000, 0x0000000715a00000| Untracked 
|  77|0x0000000715c00000, 0x0000000715c00000, 0x0000000715e00000|  0%| F|  |TAMS 0x0000000715c00000, 0x0000000715c00000| Untracked 
|  78|0x0000000715e00000, 0x0000000715e00000, 0x0000000716000000|  0%| F|  |TAMS 0x0000000715e00000, 0x0000000715e00000| Untracked 
|  79|0x0000000716000000, 0x0000000716000000, 0x0000000716200000|  0%| F|  |TAMS 0x0000000716000000, 0x0000000716000000| Untracked 
|  80|0x0000000716200000, 0x0000000716200000, 0x0000000716400000|  0%| F|  |TAMS 0x0000000716200000, 0x0000000716200000| Untracked 
|  81|0x0000000716400000, 0x0000000716400000, 0x0000000716600000|  0%| F|  |TAMS 0x0000000716400000, 0x0000000716400000| Untracked 
|  82|0x0000000716600000, 0x0000000716600000, 0x0000000716800000|  0%| F|  |TAMS 0x0000000716600000, 0x0000000716600000| Untracked 
|  83|0x0000000716800000, 0x0000000716800000, 0x0000000716a00000|  0%| F|  |TAMS 0x0000000716800000, 0x0000000716800000| Untracked 
|  84|0x0000000716a00000, 0x0000000716a00000, 0x0000000716c00000|  0%| F|  |TAMS 0x0000000716a00000, 0x0000000716a00000| Untracked 
|  85|0x0000000716c00000, 0x0000000716c00000, 0x0000000716e00000|  0%| F|  |TAMS 0x0000000716c00000, 0x0000000716c00000| Untracked 
|  86|0x0000000716e00000, 0x0000000716e00000, 0x0000000717000000|  0%| F|  |TAMS 0x0000000716e00000, 0x0000000716e00000| Untracked 
|  87|0x0000000717000000, 0x0000000717000000, 0x0000000717200000|  0%| F|  |TAMS 0x0000000717000000, 0x0000000717000000| Untracked 
|  88|0x0000000717200000, 0x0000000717200000, 0x0000000717400000|  0%| F|  |TAMS 0x0000000717200000, 0x0000000717200000| Untracked 
|  89|0x0000000717400000, 0x0000000717400000, 0x0000000717600000|  0%| F|  |TAMS 0x0000000717400000, 0x0000000717400000| Untracked 
|  90|0x0000000717600000, 0x0000000717600000, 0x0000000717800000|  0%| F|  |TAMS 0x0000000717600000, 0x0000000717600000| Untracked 
|  91|0x0000000717800000, 0x0000000717800000, 0x0000000717a00000|  0%| F|  |TAMS 0x0000000717800000, 0x0000000717800000| Untracked 
|  92|0x0000000717a00000, 0x0000000717a00000, 0x0000000717c00000|  0%| F|  |TAMS 0x0000000717a00000, 0x0000000717a00000| Untracked 
|  93|0x0000000717c00000, 0x0000000717c00000, 0x0000000717e00000|  0%| F|  |TAMS 0x0000000717c00000, 0x0000000717c00000| Untracked 
|  94|0x0000000717e00000, 0x0000000717e00000, 0x0000000718000000|  0%| F|  |TAMS 0x0000000717e00000, 0x0000000717e00000| Untracked 
|  95|0x0000000718000000, 0x0000000718000000, 0x0000000718200000|  0%| F|  |TAMS 0x0000000718000000, 0x0000000718000000| Untracked 
|  96|0x0000000718200000, 0x0000000718200000, 0x0000000718400000|  0%| F|  |TAMS 0x0000000718200000, 0x0000000718200000| Untracked 
|  97|0x0000000718400000, 0x0000000718400000, 0x0000000718600000|  0%| F|  |TAMS 0x0000000718400000, 0x0000000718400000| Untracked 
|  98|0x0000000718600000, 0x0000000718600000, 0x0000000718800000|  0%| F|  |TAMS 0x0000000718600000, 0x0000000718600000| Untracked 
|  99|0x0000000718800000, 0x0000000718800000, 0x0000000718a00000|  0%| F|  |TAMS 0x0000000718800000, 0x0000000718800000| Untracked 
| 100|0x0000000718a00000, 0x0000000718a00000, 0x0000000718c00000|  0%| F|  |TAMS 0x0000000718a00000, 0x0000000718a00000| Untracked 
| 101|0x0000000718c00000, 0x0000000718c00000, 0x0000000718e00000|  0%| F|  |TAMS 0x0000000718c00000, 0x0000000718c00000| Untracked 
| 102|0x0000000718e00000, 0x0000000718e00000, 0x0000000719000000|  0%| F|  |TAMS 0x0000000718e00000, 0x0000000718e00000| Untracked 
| 103|0x0000000719000000, 0x0000000719000000, 0x0000000719200000|  0%| F|  |TAMS 0x0000000719000000, 0x0000000719000000| Untracked 
| 104|0x0000000719200000, 0x0000000719200000, 0x0000000719400000|  0%| F|  |TAMS 0x0000000719200000, 0x0000000719200000| Untracked 
| 105|0x0000000719400000, 0x0000000719400000, 0x0000000719600000|  0%| F|  |TAMS 0x0000000719400000, 0x0000000719400000| Untracked 
| 106|0x0000000719600000, 0x0000000719600000, 0x0000000719800000|  0%| F|  |TAMS 0x0000000719600000, 0x0000000719600000| Untracked 
| 107|0x0000000719800000, 0x0000000719800000, 0x0000000719a00000|  0%| F|  |TAMS 0x0000000719800000, 0x0000000719800000| Untracked 
| 108|0x0000000719a00000, 0x0000000719a00000, 0x0000000719c00000|  0%| F|  |TAMS 0x0000000719a00000, 0x0000000719a00000| Untracked 
| 109|0x0000000719c00000, 0x0000000719e00000, 0x0000000719e00000|100%| S|CS|TAMS 0x0000000719c00000, 0x0000000719c00000| Complete 
| 110|0x0000000719e00000, 0x000000071a000000, 0x000000071a000000|100%| S|CS|TAMS 0x0000000719e00000, 0x0000000719e00000| Complete 
| 111|0x000000071a000000, 0x000000071a000000, 0x000000071a200000|  0%| F|  |TAMS 0x000000071a000000, 0x000000071a000000| Untracked 
| 112|0x000000071a200000, 0x000000071a200000, 0x000000071a400000|  0%| F|  |TAMS 0x000000071a200000, 0x000000071a200000| Untracked 
| 113|0x000000071a400000, 0x000000071a400000, 0x000000071a600000|  0%| F|  |TAMS 0x000000071a400000, 0x000000071a400000| Untracked 
| 114|0x000000071a600000, 0x000000071a600000, 0x000000071a800000|  0%| F|  |TAMS 0x000000071a600000, 0x000000071a600000| Untracked 
| 115|0x000000071a800000, 0x000000071a800000, 0x000000071aa00000|  0%| F|  |TAMS 0x000000071a800000, 0x000000071a800000| Untracked 
| 116|0x000000071aa00000, 0x000000071aa00000, 0x000000071ac00000|  0%| F|  |TAMS 0x000000071aa00000, 0x000000071aa00000| Untracked 
| 117|0x000000071ac00000, 0x000000071ac00000, 0x000000071ae00000|  0%| F|  |TAMS 0x000000071ac00000, 0x000000071ac00000| Untracked 
| 118|0x000000071ae00000, 0x000000071ae00000, 0x000000071b000000|  0%| F|  |TAMS 0x000000071ae00000, 0x000000071ae00000| Untracked 
| 119|0x000000071b000000, 0x000000071b1da048, 0x000000071b200000| 92%| E|  |TAMS 0x000000071b000000, 0x000000071b000000| Complete 
| 120|0x000000071b200000, 0x000000071b400000, 0x000000071b400000|100%| E|CS|TAMS 0x000000071b200000, 0x000000071b200000| Complete 
| 121|0x000000071b400000, 0x000000071b600000, 0x000000071b600000|100%| E|CS|TAMS 0x000000071b400000, 0x000000071b400000| Complete 

Card table byte_map: [0x000001b675b10000,0x000001b6762b0000] _byte_map_base: 0x000001b6722af000

Marking Bits (Prev, Next): (CMBitMap*) 0x000001b66d2ff6d0, (CMBitMap*) 0x000001b66d2ff710
 Prev Bits: [0x000001b676a50000, 0x000001b67a748000)
 Next Bits: [0x000001b67a750000, 0x000001b67e448000)

Polling page: 0x000001b66c120000

Metaspace:

Usage:
  Non-class:      5.71 MB used.
      Class:    817.23 KB used.
       Both:      6.51 MB used.

Virtual space:
  Non-class space:       64.00 MB reserved,       5.81 MB (  9%) committed,  1 nodes.
      Class space:        1.00 GB reserved,     960.00 KB ( <1%) committed,  1 nodes.
             Both:        1.06 GB reserved,       6.75 MB ( <1%) committed. 

Chunk freelists:
   Non-Class:  8.80 MB
       Class:  15.05 MB
        Both:  23.84 MB

MaxMetaspaceSize: unlimited
CompressedClassSpaceSize: 1.00 GB
Initial GC threshold: 21.00 MB
Current GC threshold: 21.00 MB
CDS: on
MetaspaceReclaimPolicy: balanced
 - commit_granule_bytes: 65536.
 - commit_granule_words: 8192.
 - virtual_space_node_default_size: 8388608.
 - enlarge_chunks_in_place: 1.
 - new_chunks_are_fully_committed: 0.
 - uncommit_free_chunks: 1.
 - use_allocation_guard: 0.
 - handle_deallocations: 1.


Internal statistics:

num_allocs_failed_limit: 0.
num_arena_births: 144.
num_arena_deaths: 0.
num_vsnodes_births: 2.
num_vsnodes_deaths: 0.
num_space_committed: 108.
num_space_uncommitted: 0.
num_chunks_returned_to_freelist: 0.
num_chunks_taken_from_freelist: 353.
num_chunk_merges: 0.
num_chunk_splits: 216.
num_chunks_enlarged: 151.
num_purges: 0.
num_inconsistent_stats: 0.

CodeHeap 'non-profiled nmethods': size=119168Kb used=470Kb max_used=470Kb free=118697Kb
 bounds [0x000001b607ba0000, 0x000001b607e10000, 0x000001b60f000000]
CodeHeap 'profiled nmethods': size=119104Kb used=2442Kb max_used=2442Kb free=116661Kb
 bounds [0x000001b600000000, 0x000001b600270000, 0x000001b607450000]
CodeHeap 'non-nmethods': size=7488Kb used=2839Kb max_used=2863Kb free=4648Kb
 bounds [0x000001b607450000, 0x000001b607730000, 0x000001b607ba0000]
 total_blobs=1759 nmethods=1319 adapters=350
 compilation: enabled
              stopped_count=0, restarted_count=0
 full_count=0

Compilation events (20 events):
Event: 0.555 Thread 0x000001b67f4a3f50 1310       1       java.lang.reflect.Method::getModifiers (5 bytes)
Event: 0.556 Thread 0x000001b67f4a3f50 nmethod 1310 0x000001b607c14e10 code [0x000001b607c14fa0, 0x000001b607c15078]
Event: 0.556 Thread 0x000001b67f5cbe40 1311       3       jdk.internal.org.objectweb.asm.Frame::accept (264 bytes)
Event: 0.556 Thread 0x000001b656ac3890 1312       3       jdk.internal.org.objectweb.asm.MethodWriter::visitFrameStart (55 bytes)
Event: 0.556 Thread 0x000001b67f5f9ae0 1313       3       jdk.internal.org.objectweb.asm.MethodWriter::visitFrameEnd (53 bytes)
Event: 0.556 Thread 0x000001b656ac3890 nmethod 1312 0x000001b60025fa10 code [0x000001b60025fbc0, 0x000001b60025fef8]
Event: 0.556 Thread 0x000001b67f5f9ae0 nmethod 1313 0x000001b600260090 code [0x000001b600260260, 0x000001b600260768]
Event: 0.556 Thread 0x000001b67f5cbe40 nmethod 1311 0x000001b600260890 code [0x000001b600260ac0, 0x000001b6002613f8]
Event: 0.558 Thread 0x000001b656ac3890 1314       1       java.lang.reflect.Constructor::getConstructorAccessor (5 bytes)
Event: 0.558 Thread 0x000001b67f5f9ae0 1315       3       jdk.internal.reflect.ConstructorAccessorImpl::<init> (5 bytes)
Event: 0.558 Thread 0x000001b67f4a3f50 1316       1       jdk.internal.reflect.DelegatingConstructorAccessorImpl::setDelegate (6 bytes)
Event: 0.558 Thread 0x000001b656ac3890 nmethod 1314 0x000001b607c15110 code [0x000001b607c152a0, 0x000001b607c15378]
Event: 0.559 Thread 0x000001b656ac3890 1317       1       jdk.internal.reflect.NativeConstructorAccessorImpl::setParent (6 bytes)
Event: 0.559 Thread 0x000001b67f5cbe40 1318       3       java.lang.reflect.Constructor::setConstructorAccessor (21 bytes)
Event: 0.559 Thread 0x000001b67f5f9ae0 nmethod 1315 0x000001b600261790 code [0x000001b600261940, 0x000001b600261af8]
Event: 0.559 Thread 0x000001b67f4a3f50 nmethod 1316 0x000001b607c15410 code [0x000001b607c155a0, 0x000001b607c156b8]
Event: 0.559 Thread 0x000001b656ac3890 nmethod 1317 0x000001b607c15710 code [0x000001b607c158a0, 0x000001b607c159b8]
Event: 0.559 Thread 0x000001b67f5cbe40 nmethod 1318 0x000001b600261c10 code [0x000001b600261dc0, 0x000001b6002620c8]
Event: 0.559 Thread 0x000001b67f5f9ae0 1319       3       java.util.LinkedHashMap$LinkedHashIterator::nextNode (54 bytes)
Event: 0.559 Thread 0x000001b67f5f9ae0 nmethod 1319 0x000001b600262210 code [0x000001b6002623e0, 0x000001b6002627f8]

GC Heap History (2 events):
Event: 0.473 GC heap before
{Heap before GC invocations=0 (full 0):
 garbage-first heap   total 249856K, used 20480K [0x000000070c200000, 0x0000000800000000)
  region size 2048K, 11 young (22528K), 0 survivors (0K)
 Metaspace       used 5591K, committed 5760K, reserved 1114112K
  class space    used 653K, committed 768K, reserved 1048576K
}
Event: 0.476 GC heap after
{Heap after GC invocations=1 (full 0):
 garbage-first heap   total 249856K, used 6735K [0x000000070c200000, 0x0000000800000000)
  region size 2048K, 2 young (4096K), 2 survivors (4096K)
 Metaspace       used 5591K, committed 5760K, reserved 1114112K
  class space    used 653K, committed 768K, reserved 1048576K
}

Deoptimization events (20 events):
Event: 0.272 Thread 0x000001b66d295090 DEOPT PACKING pc=0x000001b6000245be sp=0x00000017b23fa330
Event: 0.272 Thread 0x000001b66d295090 DEOPT UNPACKING pc=0x000001b6074a2b43 sp=0x00000017b23f97a8 mode 0
Event: 0.434 Thread 0x000001b66d295090 DEOPT PACKING pc=0x000001b600082e48 sp=0x00000017b23fdea0
Event: 0.434 Thread 0x000001b66d295090 DEOPT UNPACKING pc=0x000001b6074a2b43 sp=0x00000017b23fd3b8 mode 0
Event: 0.517 Thread 0x000001b66d295090 Uncommon trap: trap_request=0xffffffde fr.pc=0x000001b607c0c0ac relative=0x000000000000010c
Event: 0.517 Thread 0x000001b66d295090 Uncommon trap: reason=class_check action=maybe_recompile pc=0x000001b607c0c0ac method=jdk.internal.misc.Unsafe.allocateUninitializedArray(Ljava/lang/Class;I)Ljava/lang/Object; @ 51 c2
Event: 0.517 Thread 0x000001b66d295090 DEOPT PACKING pc=0x000001b607c0c0ac sp=0x00000017b23fd640
Event: 0.517 Thread 0x000001b66d295090 DEOPT UNPACKING pc=0x000001b6074a23a3 sp=0x00000017b23fd5c8 mode 2
Event: 0.517 Thread 0x000001b66d295090 Uncommon trap: trap_request=0xffffffde fr.pc=0x000001b607c0c0ac relative=0x000000000000010c
Event: 0.517 Thread 0x000001b66d295090 Uncommon trap: reason=class_check action=maybe_recompile pc=0x000001b607c0c0ac method=jdk.internal.misc.Unsafe.allocateUninitializedArray(Ljava/lang/Class;I)Ljava/lang/Object; @ 51 c2
Event: 0.517 Thread 0x000001b66d295090 DEOPT PACKING pc=0x000001b607c0c0ac sp=0x00000017b23fd6e0
Event: 0.517 Thread 0x000001b66d295090 DEOPT UNPACKING pc=0x000001b6074a23a3 sp=0x00000017b23fd668 mode 2
Event: 0.517 Thread 0x000001b66d295090 Uncommon trap: trap_request=0xffffffde fr.pc=0x000001b607c0c0ac relative=0x000000000000010c
Event: 0.517 Thread 0x000001b66d295090 Uncommon trap: reason=class_check action=maybe_recompile pc=0x000001b607c0c0ac method=jdk.internal.misc.Unsafe.allocateUninitializedArray(Ljava/lang/Class;I)Ljava/lang/Object; @ 51 c2
Event: 0.517 Thread 0x000001b66d295090 DEOPT PACKING pc=0x000001b607c0c0ac sp=0x00000017b23fd4f0
Event: 0.517 Thread 0x000001b66d295090 DEOPT UNPACKING pc=0x000001b6074a23a3 sp=0x00000017b23fd478 mode 2
Event: 0.517 Thread 0x000001b66d295090 Uncommon trap: trap_request=0xffffffde fr.pc=0x000001b607c0c0ac relative=0x000000000000010c
Event: 0.517 Thread 0x000001b66d295090 Uncommon trap: reason=class_check action=maybe_recompile pc=0x000001b607c0c0ac method=jdk.internal.misc.Unsafe.allocateUninitializedArray(Ljava/lang/Class;I)Ljava/lang/Object; @ 51 c2
Event: 0.517 Thread 0x000001b66d295090 DEOPT PACKING pc=0x000001b607c0c0ac sp=0x00000017b23fd240
Event: 0.517 Thread 0x000001b66d295090 DEOPT UNPACKING pc=0x000001b6074a23a3 sp=0x00000017b23fd1c8 mode 2

Classes unloaded (0 events):
No events

Classes redefined (0 events):
No events

Internal exceptions (20 events):
Event: 0.353 Thread 0x000001b66d295090 Exception <a 'java/lang/NoSuchMethodError'{0x000000071a7a68f0}: 'void java.lang.invoke.DirectMethodHandle$Holder.invokeStatic(java.lang.Object, java.lang.Object, java.lang.Object)'> (0x000000071a7a68f0) 
thrown [s\open\src\hotspot\share\interpreter\linkResolver.cpp, line 759]
Event: 0.355 Thread 0x000001b66d295090 Exception <a 'java/lang/NoSuchMethodError'{0x000000071a7bc538}: 'java.lang.Object java.lang.invoke.DirectMethodHandle$Holder.invokeSpecialIFC(java.lang.Object, java.lang.Object, java.lang.Object, java.lang.Object)'> (0x000000071a7bc538) 
thrown [s\open\src\hotspot\share\interpreter\linkResolver.cpp, line 759]
Event: 0.358 Thread 0x000001b66d295090 Exception <a 'java/lang/NoSuchMethodError'{0x000000071a7d89b8}: 'java.lang.Object java.lang.invoke.DirectMethodHandle$Holder.invokeInterface(java.lang.Object, java.lang.Object, java.lang.Object)'> (0x000000071a7d89b8) 
thrown [s\open\src\hotspot\share\interpreter\linkResolver.cpp, line 759]
Event: 0.371 Thread 0x000001b66d295090 Exception <a 'java/lang/NoSuchMethodError'{0x000000071a4b55b0}: 'int java.lang.invoke.DirectMethodHandle$Holder.invokeStaticInit(java.lang.Object, java.lang.Object, java.lang.Object)'> (0x000000071a4b55b0) 
thrown [s\open\src\hotspot\share\interpreter\linkResolver.cpp, line 759]
Event: 0.378 Thread 0x000001b66d295090 Exception <a 'java/lang/NoSuchMethodError'{0x000000071a50f228}: 'java.lang.Object java.lang.invoke.DirectMethodHandle$Holder.newInvokeSpecial(java.lang.Object, java.lang.Object, java.lang.Object, java.lang.Object, java.lang.Object)'> (0x000000071a50f228) 
thrown [s\open\src\hotspot\share\interpreter\linkResolver.cpp, line 759]
Event: 0.384 Thread 0x000001b66d295090 Exception <a 'java/lang/NoSuchMethodError'{0x000000071a560090}: 'java.lang.Object java.lang.invoke.DirectMethodHandle$Holder.invokeStaticInit(java.lang.Object, java.lang.Object, java.lang.Object)'> (0x000000071a560090) 
thrown [s\open\src\hotspot\share\interpreter\linkResolver.cpp, line 759]
Event: 0.401 Thread 0x000001b66d295090 Exception <a 'java/lang/IncompatibleClassChangeError'{0x000000071a5e1a20}: Found class java.lang.Object, but interface was expected> (0x000000071a5e1a20) 
thrown [s\open\src\hotspot\share\interpreter\linkResolver.cpp, line 826]
Event: 0.411 Thread 0x000001b66d295090 Exception <a 'java/lang/NoSuchMethodError'{0x000000071a24c348}: 'java.lang.Object java.lang.invoke.DirectMethodHandle$Holder.invokeStaticInit(java.lang.Object)'> (0x000000071a24c348) 
thrown [s\open\src\hotspot\share\interpreter\linkResolver.cpp, line 759]
Event: 0.413 Thread 0x000001b66d295090 Exception <a 'sun/nio/fs/WindowsException'{0x000000071a260620}> (0x000000071a260620) 
thrown [s\open\src\hotspot\share\prims\jni.cpp, line 516]
Event: 0.471 Thread 0x000001b66d295090 Exception <a 'java/lang/NoSuchMethodError'{0x000000071a1dc828}: 'int java.lang.invoke.DirectMethodHandle$Holder.invokeSpecial(java.lang.Object, java.lang.Object, java.lang.Object)'> (0x000000071a1dc828) 
thrown [s\open\src\hotspot\share\interpreter\linkResolver.cpp, line 759]
Event: 0.500 Thread 0x000001b66d295090 Exception <a 'java/lang/NoSuchMethodError'{0x000000071b229728}: 'java.lang.Object java.lang.invoke.DirectMethodHandle$Holder.newInvokeSpecial(java.lang.Object, java.lang.Object, java.lang.Object, java.lang.Object, java.lang.Object, java.lang.Object, java.lang.Object)'> (0x000000071b229728) 
thrown [s\open\src\hotspot\share\interpreter\linkResolver.cpp, line 759]
Event: 0.500 Thread 0x000001b66d295090 Exception <a 'java/lang/NoSuchMethodError'{0x000000071b22e390}: 'java.lang.Object java.lang.invoke.Invokers$Holder.linkToTargetMethod(java.lang.Object, java.lang.Object, java.lang.Object, java.lang.Object, java.lang.Object, java.lang.Object, java.lang.Object)'> (0x000000071b22e390) 
thrown [s\open\src\hotspot\share\interpreter\linkResolver.cpp, line 759]
Event: 0.502 Thread 0x000001b66d295090 Exception <a 'java/lang/NoSuchMethodError'{0x000000071b249890}: 'void java.lang.invoke.DirectMethodHandle$Holder.invokeStatic(java.lang.Object, java.lang.Object)'> (0x000000071b249890) 
thrown [s\open\src\hotspot\share\interpreter\linkResolver.cpp, line 759]
Event: 0.502 Thread 0x000001b66d295090 Exception <a 'java/lang/NoSuchMethodError'{0x000000071b24d090}: 'void java.lang.invoke.DirectMethodHandle$Holder.invokeStaticInit(java.lang.Object, java.lang.Object)'> (0x000000071b24d090) 
thrown [s\open\src\hotspot\share\interpreter\linkResolver.cpp, line 759]
Event: 0.505 Thread 0x000001b66d295090 Exception <a 'java/lang/NoSuchMethodError'{0x000000071b293a40}: 'int java.lang.invoke.DirectMethodHandle$Holder.invokeStatic(java.lang.Object, java.lang.Object, java.lang.Object, java.lang.Object)'> (0x000000071b293a40) 
thrown [s\open\src\hotspot\share\interpreter\linkResolver.cpp, line 759]
Event: 0.506 Thread 0x000001b66d295090 Exception <a 'java/lang/NoSuchMethodError'{0x000000071b2973c0}: 'java.lang.Object java.lang.invoke.Invokers$Holder.invokeExact_MT(java.lang.Object, java.lang.Object, java.lang.Object, java.lang.Object, java.lang.Object, java.lang.Object)'> (0x000000071b2973c0) 
thrown [s\open\src\hotspot\share\interpreter\linkResolver.cpp, line 759]
Event: 0.513 Thread 0x000001b66d295090 Exception <a 'java/lang/NoSuchMethodError'{0x000000071b3006f8}: 'java.lang.Object java.lang.invoke.DirectMethodHandle$Holder.invokeSpecial(java.lang.Object, java.lang.Object, java.lang.Object, java.lang.Object, java.lang.Object, java.lang.Object, int)'> (0x000000071b3006f8) 
thrown [s\open\src\hotspot\share\interpreter\linkResolver.cpp, line 759]
Event: 0.514 Thread 0x000001b66d295090 Exception <a 'java/lang/NoSuchMethodError'{0x000000071b30ac60}: 'java.lang.Object java.lang.invoke.DirectMethodHandle$Holder.newInvokeSpecial(java.lang.Object, java.lang.Object, java.lang.Object, java.lang.Object, java.lang.Object, java.lang.Object, int)'> (0x000000071b30ac60) 
thrown [s\open\src\hotspot\share\interpreter\linkResolver.cpp, line 759]
Event: 0.514 Thread 0x000001b66d295090 Exception <a 'java/lang/NoSuchMethodError'{0x000000071b30fca0}: 'java.lang.Object java.lang.invoke.DirectMethodHandle$Holder.invokeSpecial(java.lang.Object, java.lang.Object, java.lang.Object, java.lang.Object, java.lang.Object, java.lang.Object, java.lang.Object, int)'> (0x000000071b30fca0) 
thrown [s\open\src\hotspot\share\interpreter\linkResolver.cpp, line 759]
Event: 0.537 Thread 0x000001b66d295090 Exception <a 'java/lang/NoSuchMethodError'{0x000000071b081820}: 'int java.lang.invoke.DirectMethodHandle$Holder.invokeInterface(java.lang.Object, java.lang.Object)'> (0x000000071b081820) 
thrown [s\open\src\hotspot\share\interpreter\linkResolver.cpp, line 759]

VM Operations (14 events):
Event: 0.095 Executing VM operation: HandshakeAllThreads
Event: 0.095 Executing VM operation: HandshakeAllThreads done
Event: 0.161 Executing VM operation: HandshakeAllThreads
Event: 0.161 Executing VM operation: HandshakeAllThreads done
Event: 0.169 Executing VM operation: HandshakeAllThreads
Event: 0.169 Executing VM operation: HandshakeAllThreads done
Event: 0.255 Executing VM operation: HandshakeAllThreads
Event: 0.255 Executing VM operation: HandshakeAllThreads done
Event: 0.414 Executing VM operation: HandshakeAllThreads
Event: 0.414 Executing VM operation: HandshakeAllThreads done
Event: 0.473 Executing VM operation: G1CollectForAllocation
Event: 0.476 Executing VM operation: G1CollectForAllocation done
Event: 0.548 Executing VM operation: HandshakeAllThreads
Event: 0.548 Executing VM operation: HandshakeAllThreads done

Events (20 events):
Event: 0.548 loading class java/io/LineNumberReader
Event: 0.548 loading class java/io/LineNumberReader done
Event: 0.549 loading class sun/net/ProgressMonitor
Event: 0.549 loading class sun/net/ProgressMonitor done
Event: 0.549 loading class sun/net/DefaultProgressMeteringPolicy
Event: 0.549 loading class sun/net/ProgressMeteringPolicy
Event: 0.549 loading class sun/net/ProgressMeteringPolicy done
Event: 0.549 loading class sun/net/DefaultProgressMeteringPolicy done
Event: 0.549 loading class sun/nio/cs/ISO_8859_1$Decoder
Event: 0.549 loading class sun/nio/cs/ISO_8859_1$Decoder done
Event: 0.554 loading class java/util/stream/MatchOps$1MatchSink
Event: 0.554 loading class java/util/stream/MatchOps$1MatchSink done
Event: 0.558 loading class sun/reflect/generics/scope/ConstructorScope
Event: 0.558 loading class sun/reflect/generics/scope/ConstructorScope done
Event: 0.558 loading class sun/reflect/generics/repository/ConstructorRepository
Event: 0.558 loading class sun/reflect/generics/repository/ConstructorRepository done
Event: 0.558 loading class sun/reflect/generics/tree/VoidDescriptor
Event: 0.558 loading class sun/reflect/generics/tree/VoidDescriptor done
Event: 0.558 loading class sun/reflect/generics/tree/MethodTypeSignature
Event: 0.558 loading class sun/reflect/generics/tree/MethodTypeSignature done


Dynamic libraries:
0x00007ff6fe4b0000 - 0x00007ff6fe4c0000 	C:\Program Files\Java\jdk-17\bin\java.exe
0x00007ffd471a0000 - 0x00007ffd47403000 	C:\WINDOWS\SYSTEM32\ntdll.dll
0x00007ffd456a0000 - 0x00007ffd45768000 	C:\WINDOWS\System32\KERNEL32.DLL
0x00007ffd447a0000 - 0x00007ffd44b52000 	C:\WINDOWS\System32\KERNELBASE.dll
0x00007ffd44b60000 - 0x00007ffd44cab000 	C:\WINDOWS\System32\ucrtbase.dll
0x00007ffd30300000 - 0x00007ffd30319000 	C:\Program Files\Java\jdk-17\bin\jli.dll
0x00007ffd2bd20000 - 0x00007ffd2bd3b000 	C:\Program Files\Java\jdk-17\bin\VCRUNTIME140.dll
0x00007ffd45a70000 - 0x00007ffd45b24000 	C:\WINDOWS\System32\ADVAPI32.dll
0x00007ffd46b10000 - 0x00007ffd46bb9000 	C:\WINDOWS\System32\msvcrt.dll
0x00007ffd45000000 - 0x00007ffd450a6000 	C:\WINDOWS\System32\sechost.dll
0x00007ffd45d20000 - 0x00007ffd45e36000 	C:\WINDOWS\System32\RPCRT4.dll
0x00007ffd450b0000 - 0x00007ffd45278000 	C:\WINDOWS\System32\USER32.dll
0x00007ffd29a90000 - 0x00007ffd29d20000 	C:\WINDOWS\WinSxS\amd64_microsoft.windows.common-controls_6595b64144ccf1df_6.0.26100.2454_none_3e0b68a2e331ad60\COMCTL32.dll
0x00007ffd44cb0000 - 0x00007ffd44cd7000 	C:\WINDOWS\System32\win32u.dll
0x00007ffd46ad0000 - 0x00007ffd46afa000 	C:\WINDOWS\System32\GDI32.dll
0x00007ffd44ed0000 - 0x00007ffd44ffb000 	C:\WINDOWS\System32\gdi32full.dll
0x00007ffd446f0000 - 0x00007ffd44793000 	C:\WINDOWS\System32\msvcp_win.dll
0x00007ffd39950000 - 0x00007ffd3995b000 	C:\WINDOWS\SYSTEM32\VERSION.dll
0x00007ffd45770000 - 0x00007ffd4579f000 	C:\WINDOWS\System32\IMM32.DLL
0x00007ffd3b660000 - 0x00007ffd3b7bb000 	C:\WINDOWS\system32\tmumh\20019\AddOn\8.55.0.1368\TmUmEvt64.dll
0x00007ffd46dc0000 - 0x00007ffd46dc8000 	C:\WINDOWS\System32\PSAPI.DLL
0x0000000072be0000 - 0x0000000072d06000 	C:\WINDOWS\system32\tmumh\20019\TmMon\2.9.0.1215\tmmon64.dll
0x00007ffd2c840000 - 0x00007ffd2c84c000 	C:\Program Files\Java\jdk-17\bin\vcruntime140_1.dll
0x00007ffd2bad0000 - 0x00007ffd2bb5e000 	C:\Program Files\Java\jdk-17\bin\msvcp140.dll
0x00007ffcf1750000 - 0x00007ffcf232e000 	C:\Program Files\Java\jdk-17\bin\server\jvm.dll
0x00007ffd34ce0000 - 0x00007ffd34cea000 	C:\WINDOWS\SYSTEM32\WSOCK32.dll
0x00007ffd457c0000 - 0x00007ffd45834000 	C:\WINDOWS\System32\WS2_32.dll
0x00007ffd39960000 - 0x00007ffd39996000 	C:\WINDOWS\SYSTEM32\WINMM.dll
0x00007ffd43370000 - 0x00007ffd4338a000 	C:\WINDOWS\SYSTEM32\kernel.appcore.dll
0x00007ffd2bea0000 - 0x00007ffd2beaa000 	C:\Program Files\Java\jdk-17\bin\jimage.dll
0x00007ffd35940000 - 0x00007ffd35b81000 	C:\WINDOWS\SYSTEM32\DBGHELP.DLL
0x00007ffd46dd0000 - 0x00007ffd4714e000 	C:\WINDOWS\System32\combase.dll
0x00007ffd455c0000 - 0x00007ffd45696000 	C:\WINDOWS\System32\OLEAUT32.dll
0x00007ffd2ae70000 - 0x00007ffd2aea9000 	C:\WINDOWS\SYSTEM32\dbgcore.DLL
0x00007ffd44e30000 - 0x00007ffd44ec9000 	C:\WINDOWS\System32\bcryptPrimitives.dll
0x00007ffd2bcb0000 - 0x00007ffd2bcd5000 	C:\Program Files\Java\jdk-17\bin\java.dll
0x00007ffd2bbd0000 - 0x00007ffd2bca7000 	C:\Program Files\Java\jdk-17\bin\jsvml.dll
0x00007ffd45e40000 - 0x00007ffd46541000 	C:\WINDOWS\System32\SHELL32.dll
0x00007ffd42240000 - 0x00007ffd42a71000 	C:\WINDOWS\SYSTEM32\windows.storage.dll
0x00007ffd458a0000 - 0x00007ffd4597a000 	C:\WINDOWS\System32\SHCORE.dll
0x00007ffd45840000 - 0x00007ffd4589d000 	C:\WINDOWS\System32\shlwapi.dll
0x00007ffd44480000 - 0x00007ffd444ae000 	C:\WINDOWS\SYSTEM32\profapi.dll
0x00007ffd2bbb0000 - 0x00007ffd2bbc9000 	C:\Program Files\Java\jdk-17\bin\net.dll
0x00007ffd3d3b0000 - 0x00007ffd3d4d6000 	C:\WINDOWS\SYSTEM32\WINHTTP.dll
0x00007ffd43850000 - 0x00007ffd438b8000 	C:\WINDOWS\system32\mswsock.dll
0x00007ffd2bb90000 - 0x00007ffd2bba6000 	C:\Program Files\Java\jdk-17\bin\nio.dll
0x00007ffd2bb70000 - 0x00007ffd2bb88000 	C:\Program Files\Java\jdk-17\bin\zip.dll

dbghelp: loaded successfully - version: 4.0.5 - missing functions: none
symbol engine: initialized successfully - sym options: 0x614 - pdb path: .;C:\Program Files\Java\jdk-17\bin;C:\WINDOWS\SYSTEM32;C:\WINDOWS\WinSxS\amd64_microsoft.windows.common-controls_6595b64144ccf1df_6.0.26100.2454_none_3e0b68a2e331ad60;C:\WINDOWS\system32\tmumh\20019\AddOn\8.55.0.1368;C:\WINDOWS\system32\tmumh\20019\TmMon\2.9.0.1215;C:\Program Files\Java\jdk-17\bin\server

VM Arguments:
java_command: fon.bg.ac.rs.salonzavencanice.Aplikacija
java_class_path (initial): C:\Users\Ana\Documents\NetBeansProjects\SalonZaVencanice\target\classes;C:\Users\Ana\.m2\repository\org\springframework\boot\spring-boot-starter-web\3.2.4\spring-boot-starter-web-3.2.4.jar;C:\Users\Ana\.m2\repository\org\springframework\boot\spring-boot-starter\3.2.4\spring-boot-starter-3.2.4.jar;C:\Users\Ana\.m2\repository\org\springframework\boot\spring-boot\3.2.4\spring-boot-3.2.4.jar;C:\Users\Ana\.m2\repository\org\springframework\boot\spring-boot-autoconfigure\3.2.4\spring-boot-autoconfigure-3.2.4.jar;C:\Users\Ana\.m2\repository\org\springframework\boot\spring-boot-starter-logging\3.2.4\spring-boot-starter-logging-3.2.4.jar;C:\Users\Ana\.m2\repository\ch\qos\logback\logback-classic\1.4.14\logback-classic-1.4.14.jar;C:\Users\Ana\.m2\repository\ch\qos\logback\logback-core\1.4.14\logback-core-1.4.14.jar;C:\Users\Ana\.m2\repository\org\apache\logging\log4j\log4j-to-slf4j\2.21.1\log4j-to-slf4j-2.21.1.jar;C:\Users\Ana\.m2\repository\org\apache\logging\log4j\log4j-api\2.21.1\log4j-api-2.21.1.jar;C:\Users\Ana\.m2\repository\org\slf4j\jul-to-slf4j\2.0.12\jul-to-slf4j-2.0.12.jar;C:\Users\Ana\.m2\repository\jakarta\annotation\jakarta.annotation-api\2.1.1\jakarta.annotation-api-2.1.1.jar;C:\Users\Ana\.m2\repository\org\yaml\snakeyaml\2.2\snakeyaml-2.2.jar;C:\Users\Ana\.m2\repository\org\springframework\boot\spring-boot-starter-json\3.2.4\spring-boot-starter-json-3.2.4.jar;C:\Users\Ana\.m2\repository\com\fasterxml\jackson\datatype\jackson-datatype-jdk8\2.15.4\jackson-datatype-jdk8-2.15.4.jar;C:\Users\Ana\.m2\repository\com\fasterxml\jackson\datatype\jackson-datatype-jsr310\2.15.4\jackson-datatype-jsr310-2.15.4.jar;C:\Users\Ana\.m2\repository\com\fasterxml\jackson\module\jackson-module-parameter-names\2.15.4\jackson-module-parameter-names-2.15.4.jar;C:\Users\Ana\.m2\repository\org\springframework\boot\spring-boot-starter-tomcat\3.2.4\spring-boot-starter-tomcat-3.2.4.jar;C:\Users\Ana\.m2\repository\org\apache\tomcat\embed\tomcat-embed-core\10.1.19
Launcher Type: SUN_STANDARD

[Global flags]
     intx CICompilerCount                          = 12                                        {product} {ergonomic}
     uint ConcGCThreads                            = 3                                         {product} {ergonomic}
     uint G1ConcRefinementThreads                  = 13                                        {product} {ergonomic}
   size_t G1HeapRegionSize                         = 2097152                                   {product} {ergonomic}
    uintx GCDrainStackTargetSize                   = 64                                        {product} {ergonomic}
   size_t InitialHeapSize                          = 255852544                                 {product} {ergonomic}
   size_t MarkStackSize                            = 4194304                                   {product} {ergonomic}
   size_t MaxHeapSize                              = 4091543552                                {product} {ergonomic}
   size_t MaxNewSize                               = 2453667840                                {product} {ergonomic}
   size_t MinHeapDeltaBytes                        = 2097152                                   {product} {ergonomic}
   size_t MinHeapSize                              = 8388608                                   {product} {ergonomic}
    uintx NonNMethodCodeHeapSize                   = 7602480                                {pd product} {ergonomic}
    uintx NonProfiledCodeHeapSize                  = 122027880                              {pd product} {ergonomic}
    uintx ProfiledCodeHeapSize                     = 122027880                              {pd product} {ergonomic}
    uintx ReservedCodeCacheSize                    = 251658240                              {pd product} {ergonomic}
     bool SegmentedCodeCache                       = true                                      {product} {ergonomic}
   size_t SoftMaxHeapSize                          = 4091543552                             {manageable} {ergonomic}
     bool UseCompressedClassPointers               = true                           {product lp64_product} {ergonomic}
     bool UseCompressedOops                        = true                           {product lp64_product} {ergonomic}
     bool UseG1GC                                  = true                                      {product} {ergonomic}
     bool UseLargePagesIndividualAllocation        = false                                  {pd product} {ergonomic}

Logging:
Log output configuration:
 #0: stdout all=warning uptime,level,tags
 #1: stderr all=off uptime,level,tags

Environment Variables:
JAVA_HOME=C:\Program Files\Java\jdk-17
PATH=C:\Program Files (x86)\VMware\VMware Player\bin\;C:\Program Files\Common Files\Oracle\Java\javapath;C:\WINDOWS\system32;C:\WINDOWS;C:\WINDOWS\System32\Wbem;C:\WINDOWS\System32\WindowsPowerShell\v1.0\;C:\Program Files\dotnet\;C:\Program Files (x86)\NVIDIA Corporation\PhysX\Common;C:\Program Files (x86)\dotnet\;C:\Program Files\Microsoft SQL Server\150\Tools\Binn\;C:\Users\Ana\Scripts;C:\Program Files\MATLAB\R2024b\bin;C:\WINDOWS\system32;C:\WINDOWS;C:\WINDOWS\System32\Wbem;C:\WINDOWS\System32\WindowsPowerShell\v1.0\;C:\Program Files\Git\cmd;C:\Program Files\Docker\Docker\resources\bin;C:\Program Files\nodejs\;C:\Users\Ana\AppData\Local\Microsoft\WindowsApps;C:\Users\Ana\AppData\Local\Programs\Microsoft VS Code\bin;C:\Users\Ana\AppData\Roaming\npm
USERNAME=Ana
OS=Windows_NT
PROCESSOR_IDENTIFIER=AMD64 Family 25 Model 68 Stepping 1, AuthenticAMD



---------------  S Y S T E M  ---------------

OS:
 Windows 11 , 64 bit Build 26100 (10.0.26100.2454)
OS uptime: 0 days 0:54 hours
Hyper-V role detected

CPU: total 16 (initial active 16) (16 cores per cpu, 2 threads per core) family 25 model 68 stepping 1 microcode 0xa40410a, cx8, cmov, fxsr, ht, mmx, 3dnowpref, sse, sse2, sse3, ssse3, sse4a, sse4.1, sse4.2, popcnt, lzcnt, tsc, tscinvbit, avx, avx2, aes, erms, clmul, bmi1, bmi2, adx, sha, fma, vzeroupper, clflush, clflushopt, hv

Memory: 4k page, system-wide physical 15603M (2050M free)
TotalPageFile size 21298M (AvailPageFile size 4M)
current process WorkingSet (physical memory assigned to process): 97M, peak: 97M
current process commit charge ("private bytes"): 372M, peak: 373M

vm_info: Java HotSpot(TM) 64-Bit Server VM (17.0.8+9-LTS-211) for windows-amd64 JRE (17.0.8+9-LTS-211), built on Jun 14 2023 10:34:31 by "mach5one" with MS VC++ 17.1 (VS2022)

END.
